<?xml version="1.0" encoding="UTF-8"?>
<!-- Generated by org.testng.reporters.JUnitReportReporter -->
<testsuite hostname="LAPTOP-4JBHQT14" failures="0" tests="1" name="random.Ok" time="0.016" errors="0" timestamp="2024-09-03T19:59:24 IST" skipped="0">
  <testcase classname="random.Ok" name="main" time="0.016"/>
</testsuite> <!-- random.Ok -->
