<?xml version="1.0" encoding="UTF-8"?>
<!-- Generated by org.testng.reporters.JUnitReportReporter -->
<testsuite hostname="LAPTOP-4JBHQT14" failures="0" tests="1" name="heliverse.FunctionalTest" time="7.845" errors="0" timestamp="2024-09-04T20:38:45 IST" skipped="0">
  <testcase classname="heliverse.FunctionalTest" name="functionalTest" time="7.845">
    <system-out>
      <![CDATA[functionalTest is executed
functionalTest is executed]]>
    </system-out>
  </testcase> <!-- functionalTest -->
  <system-out>
    <![CDATA[main is executed
main is executed
uiTest is executed
uiTest is executed
functionalTest is executed
functionalTest is executed
createform is executed
createform is executed]]>
  </system-out>
</testsuite> <!-- heliverse.FunctionalTest -->
