<?xml version="1.0" encoding="UTF-8"?>
<!-- Generated by org.testng.reporters.JUnitReportReporter -->
<testsuite hostname="LAPTOP-4JBHQT14" failures="0" tests="1" name="heliverse.FormValidationTest" time="6.870" errors="0" timestamp="2024-09-04T20:38:45 IST" skipped="0">
  <testcase classname="heliverse.FormValidationTest" name="createform" time="6.870">
    <system-out>
      <![CDATA[createform is executed
createform is executed]]>
    </system-out>
  </testcase> <!-- createform -->
  <system-out>
    <![CDATA[main is executed
main is executed
uiTest is executed
uiTest is executed
functionalTest is executed
functionalTest is executed
createform is executed
createform is executed]]>
  </system-out>
</testsuite> <!-- heliverse.FormValidationTest -->
